f:\synologydrive\visual studio project\window projects\directx\build\treebillboards\x64\debug\vc141.pdb
f:\synologydrive\visual studio project\window projects\directx\build\treebillboards\x64\debug\vc141.idb
f:\synologydrive\visual studio project\window projects\directx\build\treebillboards\x64\debug\mathhelper.obj
f:\synologydrive\visual studio project\window projects\directx\build\treebillboards\x64\debug\geometrygenerator.obj
f:\synologydrive\visual studio project\window projects\directx\build\treebillboards\x64\debug\gametimer.obj
f:\synologydrive\visual studio project\window projects\directx\build\treebillboards\x64\debug\ddstextureloader.obj
f:\synologydrive\visual studio project\window projects\directx\build\treebillboards\x64\debug\d3dutil.obj
f:\synologydrive\visual studio project\window projects\directx\build\treebillboards\x64\debug\d3dapp.obj
f:\synologydrive\visual studio project\window projects\directx\build\treebillboards\x64\debug\frameresource.obj
f:\synologydrive\visual studio project\window projects\directx\build\treebillboards\x64\debug\treebillboardsapp.obj
f:\synologydrive\visual studio project\window projects\directx\build\treebillboards\x64\debug\waves.obj
f:\synologydrive\visual studio project\window projects\directx\bin\x64\treebillboards\cirtocyl.cso
f:\synologydrive\visual studio project\window projects\directx\bin\x64\treebillboards\treebillboards.exe
f:\synologydrive\visual studio project\window projects\directx\bin\x64\treebillboards\treebillboards.ilk
f:\synologydrive\visual studio project\window projects\directx\bin\x64\treebillboards\treebillboards.pdb
f:\synologydrive\visual studio project\window projects\directx\build\treebillboards\x64\debug\treebillboards.tlog\cl.command.1.tlog
f:\synologydrive\visual studio project\window projects\directx\build\treebillboards\x64\debug\treebillboards.tlog\cl.read.1.tlog
f:\synologydrive\visual studio project\window projects\directx\build\treebillboards\x64\debug\treebillboards.tlog\cl.write.1.tlog
f:\synologydrive\visual studio project\window projects\directx\build\treebillboards\x64\debug\treebillboards.tlog\fxc.command.1.tlog
f:\synologydrive\visual studio project\window projects\directx\build\treebillboards\x64\debug\treebillboards.tlog\fxc.read.1.tlog
f:\synologydrive\visual studio project\window projects\directx\build\treebillboards\x64\debug\treebillboards.tlog\fxc.write.1.tlog
f:\synologydrive\visual studio project\window projects\directx\build\treebillboards\x64\debug\treebillboards.tlog\link.command.1.tlog
f:\synologydrive\visual studio project\window projects\directx\build\treebillboards\x64\debug\treebillboards.tlog\link.read.1.tlog
f:\synologydrive\visual studio project\window projects\directx\build\treebillboards\x64\debug\treebillboards.tlog\link.write.1.tlog
