f:\synologydrive\visual studio project\window projects\directx\build\texwaves\x64\debug\vc141.pdb
f:\synologydrive\visual studio project\window projects\directx\build\texwaves\x64\debug\vc141.idb
f:\synologydrive\visual studio project\window projects\directx\build\texwaves\x64\debug\waves.obj
f:\synologydrive\visual studio project\window projects\directx\build\texwaves\x64\debug\frameresource.obj
f:\synologydrive\visual studio project\window projects\directx\build\texwaves\x64\debug\mathhelper.obj
f:\synologydrive\visual studio project\window projects\directx\build\texwaves\x64\debug\geometrygenerator.obj
f:\synologydrive\visual studio project\window projects\directx\build\texwaves\x64\debug\gametimer.obj
f:\synologydrive\visual studio project\window projects\directx\build\texwaves\x64\debug\ddstextureloader.obj
f:\synologydrive\visual studio project\window projects\directx\build\texwaves\x64\debug\d3dutil.obj
f:\synologydrive\visual studio project\window projects\directx\build\texwaves\x64\debug\d3dapp.obj
f:\synologydrive\visual studio project\window projects\directx\build\texwaves\x64\debug\texwavesapp.obj
f:\synologydrive\visual studio project\window projects\directx\bin\x64\texwaves\texwaves.ilk
f:\synologydrive\visual studio project\window projects\directx\bin\x64\texwaves\texwaves.exe
f:\synologydrive\visual studio project\window projects\directx\bin\x64\texwaves\texwaves.pdb
f:\synologydrive\visual studio project\window projects\directx\build\texwaves\x64\debug\texwaves.tlog\cl.command.1.tlog
f:\synologydrive\visual studio project\window projects\directx\build\texwaves\x64\debug\texwaves.tlog\cl.read.1.tlog
f:\synologydrive\visual studio project\window projects\directx\build\texwaves\x64\debug\texwaves.tlog\cl.write.1.tlog
f:\synologydrive\visual studio project\window projects\directx\build\texwaves\x64\debug\texwaves.tlog\link.command.1.tlog
f:\synologydrive\visual studio project\window projects\directx\build\texwaves\x64\debug\texwaves.tlog\link.read.1.tlog
f:\synologydrive\visual studio project\window projects\directx\build\texwaves\x64\debug\texwaves.tlog\link.write.1.tlog
