f:\synologydrive\visual studio project\window projects\directx\build\dynamiccube\x64\debug\vc141.pdb
f:\synologydrive\visual studio project\window projects\directx\build\dynamiccube\x64\debug\vc141.idb
f:\synologydrive\visual studio project\window projects\directx\build\dynamiccube\x64\debug\frameresource.obj
f:\synologydrive\visual studio project\window projects\directx\build\dynamiccube\x64\debug\cuberendertarget.obj
f:\synologydrive\visual studio project\window projects\directx\build\dynamiccube\x64\debug\mathhelper.obj
f:\synologydrive\visual studio project\window projects\directx\build\dynamiccube\x64\debug\geometrygenerator.obj
f:\synologydrive\visual studio project\window projects\directx\build\dynamiccube\x64\debug\gametimer.obj
f:\synologydrive\visual studio project\window projects\directx\build\dynamiccube\x64\debug\ddstextureloader.obj
f:\synologydrive\visual studio project\window projects\directx\build\dynamiccube\x64\debug\d3dutil.obj
f:\synologydrive\visual studio project\window projects\directx\build\dynamiccube\x64\debug\d3dapp.obj
f:\synologydrive\visual studio project\window projects\directx\build\dynamiccube\x64\debug\camera.obj
f:\synologydrive\visual studio project\window projects\directx\build\dynamiccube\x64\debug\dynamiccubeapp.obj
f:\synologydrive\visual studio project\window projects\directx\bin\x64\dynamiccube\dynamiccube.exe
f:\synologydrive\visual studio project\window projects\directx\bin\x64\dynamiccube\dynamiccube.ilk
f:\synologydrive\visual studio project\window projects\directx\bin\x64\dynamiccube\dynamiccube.pdb
f:\synologydrive\visual studio project\window projects\directx\build\dynamiccube\x64\debug\dynamiccube.tlog\cl.command.1.tlog
f:\synologydrive\visual studio project\window projects\directx\build\dynamiccube\x64\debug\dynamiccube.tlog\cl.read.1.tlog
f:\synologydrive\visual studio project\window projects\directx\build\dynamiccube\x64\debug\dynamiccube.tlog\cl.write.1.tlog
f:\synologydrive\visual studio project\window projects\directx\build\dynamiccube\x64\debug\dynamiccube.tlog\fxc.command.1.tlog
f:\synologydrive\visual studio project\window projects\directx\build\dynamiccube\x64\debug\dynamiccube.tlog\fxc.read.1.tlog
f:\synologydrive\visual studio project\window projects\directx\build\dynamiccube\x64\debug\dynamiccube.tlog\link.command.1.tlog
f:\synologydrive\visual studio project\window projects\directx\build\dynamiccube\x64\debug\dynamiccube.tlog\link.read.1.tlog
f:\synologydrive\visual studio project\window projects\directx\build\dynamiccube\x64\debug\dynamiccube.tlog\link.write.1.tlog
