f:\synologydrive\visual studio project\window projects\directx\build\drawbox\x64\debug\vc141.pdb
f:\synologydrive\visual studio project\window projects\directx\build\drawbox\x64\debug\vc141.idb
f:\synologydrive\visual studio project\window projects\directx\build\drawbox\x64\debug\gametimer.obj
f:\synologydrive\visual studio project\window projects\directx\build\drawbox\x64\debug\d3dutil.obj
f:\synologydrive\visual studio project\window projects\directx\build\drawbox\x64\debug\d3dapp.obj
f:\synologydrive\visual studio project\window projects\directx\build\drawbox\x64\debug\boxapp.obj
f:\synologydrive\visual studio project\window projects\directx\build\drawbox\x64\debug\mathhelper.obj
f:\synologydrive\visual studio project\window projects\directx\bin\x64\drawbox\easing_color.cso
f:\synologydrive\visual studio project\window projects\directx\bin\x64\drawbox\moving_vert.cso
f:\synologydrive\visual studio project\window projects\directx\bin\x64\drawbox\clip_color.cso
f:\synologydrive\visual studio project\window projects\directx\bin\x64\drawbox\pulse_color.cso
f:\synologydrive\visual studio project\window projects\directx\bin\x64\drawbox\unmatched.cso
f:\synologydrive\visual studio project\window projects\directx\bin\x64\drawbox\drawbox.ilk
f:\synologydrive\visual studio project\window projects\directx\bin\x64\drawbox\drawbox.exe
f:\synologydrive\visual studio project\window projects\directx\bin\x64\drawbox\drawbox.pdb
f:\synologydrive\visual studio project\window projects\directx\build\drawbox\x64\debug\drawbox.tlog\cl.command.1.tlog
f:\synologydrive\visual studio project\window projects\directx\build\drawbox\x64\debug\drawbox.tlog\cl.read.1.tlog
f:\synologydrive\visual studio project\window projects\directx\build\drawbox\x64\debug\drawbox.tlog\cl.write.1.tlog
f:\synologydrive\visual studio project\window projects\directx\build\drawbox\x64\debug\drawbox.tlog\fxc.command.1.tlog
f:\synologydrive\visual studio project\window projects\directx\build\drawbox\x64\debug\drawbox.tlog\fxc.read.1.tlog
f:\synologydrive\visual studio project\window projects\directx\build\drawbox\x64\debug\drawbox.tlog\fxc.write.1.tlog
f:\synologydrive\visual studio project\window projects\directx\build\drawbox\x64\debug\drawbox.tlog\link.command.1.tlog
f:\synologydrive\visual studio project\window projects\directx\build\drawbox\x64\debug\drawbox.tlog\link.read.1.tlog
f:\synologydrive\visual studio project\window projects\directx\build\drawbox\x64\debug\drawbox.tlog\link.write.1.tlog
