f:\synologydrive\visual studio project\window projects\directx\build\cameraanddynamicindexing\x64\debug\vc141.pdb
f:\synologydrive\visual studio project\window projects\directx\build\cameraanddynamicindexing\x64\debug\vc141.idb
f:\synologydrive\visual studio project\window projects\directx\build\cameraanddynamicindexing\x64\debug\mathhelper.obj
f:\synologydrive\visual studio project\window projects\directx\build\cameraanddynamicindexing\x64\debug\geometrygenerator.obj
f:\synologydrive\visual studio project\window projects\directx\build\cameraanddynamicindexing\x64\debug\gametimer.obj
f:\synologydrive\visual studio project\window projects\directx\build\cameraanddynamicindexing\x64\debug\ddstextureloader.obj
f:\synologydrive\visual studio project\window projects\directx\build\cameraanddynamicindexing\x64\debug\d3dutil.obj
f:\synologydrive\visual studio project\window projects\directx\build\cameraanddynamicindexing\x64\debug\d3dapp.obj
f:\synologydrive\visual studio project\window projects\directx\build\cameraanddynamicindexing\x64\debug\camera.obj
f:\synologydrive\visual studio project\window projects\directx\build\cameraanddynamicindexing\x64\debug\frameresource.obj
f:\synologydrive\visual studio project\window projects\directx\build\cameraanddynamicindexing\x64\debug\cameraanddynamicindexingapp.obj
f:\synologydrive\visual studio project\window projects\directx\bin\x64\cameraanddynamicindexing\cameraanddynamicindexing.exe
f:\synologydrive\visual studio project\window projects\directx\bin\x64\cameraanddynamicindexing\cameraanddynamicindexing.ilk
f:\synologydrive\visual studio project\window projects\directx\bin\x64\cameraanddynamicindexing\cameraanddynamicindexing.pdb
f:\synologydrive\visual studio project\window projects\directx\build\cameraanddynamicindexing\x64\debug\cameraan.5cb44a02.tlog\cl.command.1.tlog
f:\synologydrive\visual studio project\window projects\directx\build\cameraanddynamicindexing\x64\debug\cameraan.5cb44a02.tlog\cl.read.1.tlog
f:\synologydrive\visual studio project\window projects\directx\build\cameraanddynamicindexing\x64\debug\cameraan.5cb44a02.tlog\cl.write.1.tlog
f:\synologydrive\visual studio project\window projects\directx\build\cameraanddynamicindexing\x64\debug\cameraan.5cb44a02.tlog\link.command.1.tlog
f:\synologydrive\visual studio project\window projects\directx\build\cameraanddynamicindexing\x64\debug\cameraan.5cb44a02.tlog\link.read.1.tlog
f:\synologydrive\visual studio project\window projects\directx\build\cameraanddynamicindexing\x64\debug\cameraan.5cb44a02.tlog\link.write.1.tlog
