f:\synologydrive\visual studio project\window projects\directx\build\dx12game\x64\debug\vc141.pdb
f:\synologydrive\visual studio project\window projects\directx\build\dx12game\x64\debug\vc141.idb
f:\synologydrive\visual studio project\window projects\directx\build\dx12game\x64\debug\ssao.obj
f:\synologydrive\visual studio project\window projects\directx\build\dx12game\x64\debug\soundevent.obj
f:\synologydrive\visual studio project\window projects\directx\build\dx12game\x64\debug\shadowmap.obj
f:\synologydrive\visual studio project\window projects\directx\build\dx12game\x64\debug\renderer.obj
f:\synologydrive\visual studio project\window projects\directx\build\dx12game\x64\debug\meshcomponent.obj
f:\synologydrive\visual studio project\window projects\directx\build\dx12game\x64\debug\lowrenderer.obj
f:\synologydrive\visual studio project\window projects\directx\build\dx12game\x64\debug\gameworld.obj
f:\synologydrive\visual studio project\window projects\directx\build\dx12game\x64\debug\frameresource.obj
f:\synologydrive\visual studio project\window projects\directx\build\dx12game\x64\debug\component.obj
f:\synologydrive\visual studio project\window projects\directx\build\dx12game\x64\debug\audiosystem.obj
f:\synologydrive\visual studio project\window projects\directx\build\dx12game\x64\debug\actor.obj
f:\synologydrive\visual studio project\window projects\directx\build\dx12game\x64\debug\mathhelper.obj
f:\synologydrive\visual studio project\window projects\directx\build\dx12game\x64\debug\geometrygenerator.obj
f:\synologydrive\visual studio project\window projects\directx\build\dx12game\x64\debug\gametimer.obj
f:\synologydrive\visual studio project\window projects\directx\build\dx12game\x64\debug\ddstextureloader.obj
f:\synologydrive\visual studio project\window projects\directx\build\dx12game\x64\debug\d3dutil.obj
f:\synologydrive\visual studio project\window projects\directx\build\dx12game\x64\debug\camera.obj
f:\synologydrive\visual studio project\window projects\directx\build\dx12game\x64\debug\fbximporter.obj
f:\synologydrive\visual studio project\window projects\directx\build\dx12game\x64\debug\mesh.obj
f:\synologydrive\visual studio project\window projects\directx\build\dx12game\x64\debug\inputsystem.obj
f:\synologydrive\visual studio project\window projects\directx\bin\x64\dx12game\debug\dx12game.exe
f:\synologydrive\visual studio project\window projects\directx\bin\x64\dx12game\debug\dx12game.ilk
f:\synologydrive\visual studio project\window projects\directx\bin\x64\dx12game\debug\dx12game.pdb
f:\synologydrive\visual studio project\window projects\directx\build\dx12game\x64\debug\dx12game.tlog\cl.command.1.tlog
f:\synologydrive\visual studio project\window projects\directx\build\dx12game\x64\debug\dx12game.tlog\cl.read.1.tlog
f:\synologydrive\visual studio project\window projects\directx\build\dx12game\x64\debug\dx12game.tlog\cl.write.1.tlog
f:\synologydrive\visual studio project\window projects\directx\build\dx12game\x64\debug\dx12game.tlog\dx12game.write.1u.tlog
f:\synologydrive\visual studio project\window projects\directx\build\dx12game\x64\debug\dx12game.tlog\link.command.1.tlog
f:\synologydrive\visual studio project\window projects\directx\build\dx12game\x64\debug\dx12game.tlog\link.delete.1.tlog
f:\synologydrive\visual studio project\window projects\directx\build\dx12game\x64\debug\dx12game.tlog\link.read.1.tlog
f:\synologydrive\visual studio project\window projects\directx\build\dx12game\x64\debug\dx12game.tlog\link.write.1.tlog
