f:\synologydrive\visual studio project\window projects\directx\build\cubemap\x64\debug\vc141.pdb
f:\synologydrive\visual studio project\window projects\directx\build\cubemap\x64\debug\vc141.idb
f:\synologydrive\visual studio project\window projects\directx\build\cubemap\x64\debug\frameresource.obj
f:\synologydrive\visual studio project\window projects\directx\build\cubemap\x64\debug\mathhelper.obj
f:\synologydrive\visual studio project\window projects\directx\build\cubemap\x64\debug\geometrygenerator.obj
f:\synologydrive\visual studio project\window projects\directx\build\cubemap\x64\debug\gametimer.obj
f:\synologydrive\visual studio project\window projects\directx\build\cubemap\x64\debug\ddstextureloader.obj
f:\synologydrive\visual studio project\window projects\directx\build\cubemap\x64\debug\d3dutil.obj
f:\synologydrive\visual studio project\window projects\directx\build\cubemap\x64\debug\d3dapp.obj
f:\synologydrive\visual studio project\window projects\directx\build\cubemap\x64\debug\camera.obj
f:\synologydrive\visual studio project\window projects\directx\build\cubemap\x64\debug\cubemapapp.obj
f:\synologydrive\visual studio project\window projects\directx\bin\x64\cubemap\cubemap.exe
f:\synologydrive\visual studio project\window projects\directx\bin\x64\cubemap\cubemap.ilk
f:\synologydrive\visual studio project\window projects\directx\bin\x64\cubemap\cubemap.pdb
f:\synologydrive\visual studio project\window projects\directx\build\cubemap\x64\debug\cubemap.tlog\cl.command.1.tlog
f:\synologydrive\visual studio project\window projects\directx\build\cubemap\x64\debug\cubemap.tlog\cl.read.1.tlog
f:\synologydrive\visual studio project\window projects\directx\build\cubemap\x64\debug\cubemap.tlog\cl.write.1.tlog
f:\synologydrive\visual studio project\window projects\directx\build\cubemap\x64\debug\cubemap.tlog\link.command.1.tlog
f:\synologydrive\visual studio project\window projects\directx\build\cubemap\x64\debug\cubemap.tlog\link.read.1.tlog
f:\synologydrive\visual studio project\window projects\directx\build\cubemap\x64\debug\cubemap.tlog\link.write.1.tlog
