f:\synologydrive\visual studio project\window projects\directx\build\quatdemo\x64\debug\vc141.pdb
f:\synologydrive\visual studio project\window projects\directx\build\quatdemo\x64\debug\vc141.idb
f:\synologydrive\visual studio project\window projects\directx\build\quatdemo\x64\debug\quatapp.obj
f:\synologydrive\visual studio project\window projects\directx\build\quatdemo\x64\debug\frameresource.obj
f:\synologydrive\visual studio project\window projects\directx\build\quatdemo\x64\debug\animationhelper.obj
f:\synologydrive\visual studio project\window projects\directx\build\quatdemo\x64\debug\mathhelper.obj
f:\synologydrive\visual studio project\window projects\directx\build\quatdemo\x64\debug\geometrygenerator.obj
f:\synologydrive\visual studio project\window projects\directx\build\quatdemo\x64\debug\gametimer.obj
f:\synologydrive\visual studio project\window projects\directx\build\quatdemo\x64\debug\ddstextureloader.obj
f:\synologydrive\visual studio project\window projects\directx\build\quatdemo\x64\debug\d3dutil.obj
f:\synologydrive\visual studio project\window projects\directx\build\quatdemo\x64\debug\d3dapp.obj
f:\synologydrive\visual studio project\window projects\directx\build\quatdemo\x64\debug\camera.obj
f:\synologydrive\visual studio project\window projects\directx\build\quatdemo\x64\debug\ssao.obj
f:\synologydrive\visual studio project\window projects\directx\build\quatdemo\x64\debug\shadowmap.obj
f:\synologydrive\visual studio project\window projects\directx\build\quatdemo\x64\debug\fbximporter.obj
f:\synologydrive\visual studio project\window projects\directx\bin\x64\quatdemo\default.cso
f:\synologydrive\visual studio project\window projects\directx\bin\x64\quatdemo\shadows.cso
f:\synologydrive\visual studio project\window projects\directx\bin\x64\quatdemo\quatdemo.exe
f:\synologydrive\visual studio project\window projects\directx\bin\x64\quatdemo\quatdemo.ilk
f:\synologydrive\visual studio project\window projects\directx\bin\x64\quatdemo\quatdemo.pdb
f:\synologydrive\visual studio project\window projects\directx\build\quatdemo\x64\debug\quatdemo.tlog\cl.command.1.tlog
f:\synologydrive\visual studio project\window projects\directx\build\quatdemo\x64\debug\quatdemo.tlog\cl.read.1.tlog
f:\synologydrive\visual studio project\window projects\directx\build\quatdemo\x64\debug\quatdemo.tlog\cl.write.1.tlog
f:\synologydrive\visual studio project\window projects\directx\build\quatdemo\x64\debug\quatdemo.tlog\fxc.command.1.tlog
f:\synologydrive\visual studio project\window projects\directx\build\quatdemo\x64\debug\quatdemo.tlog\fxc.read.1.tlog
f:\synologydrive\visual studio project\window projects\directx\build\quatdemo\x64\debug\quatdemo.tlog\fxc.write.1.tlog
f:\synologydrive\visual studio project\window projects\directx\build\quatdemo\x64\debug\quatdemo.tlog\link.command.1.tlog
f:\synologydrive\visual studio project\window projects\directx\build\quatdemo\x64\debug\quatdemo.tlog\link.read.1.tlog
f:\synologydrive\visual studio project\window projects\directx\build\quatdemo\x64\debug\quatdemo.tlog\link.write.1.tlog
