f:\synologydrive\visual studio project\window projects\directx\build\normalmap\x64\debug\vc141.pdb
f:\synologydrive\visual studio project\window projects\directx\build\normalmap\x64\debug\vc141.idb
f:\synologydrive\visual studio project\window projects\directx\build\normalmap\x64\debug\normalmapapp.obj
f:\synologydrive\visual studio project\window projects\directx\build\normalmap\x64\debug\frameresource.obj
f:\synologydrive\visual studio project\window projects\directx\build\normalmap\x64\debug\cuberendertarget.obj
f:\synologydrive\visual studio project\window projects\directx\build\normalmap\x64\debug\mathhelper.obj
f:\synologydrive\visual studio project\window projects\directx\build\normalmap\x64\debug\geometrygenerator.obj
f:\synologydrive\visual studio project\window projects\directx\build\normalmap\x64\debug\gametimer.obj
f:\synologydrive\visual studio project\window projects\directx\build\normalmap\x64\debug\ddstextureloader.obj
f:\synologydrive\visual studio project\window projects\directx\build\normalmap\x64\debug\d3dutil.obj
f:\synologydrive\visual studio project\window projects\directx\build\normalmap\x64\debug\d3dapp.obj
f:\synologydrive\visual studio project\window projects\directx\build\normalmap\x64\debug\camera.obj
f:\synologydrive\visual studio project\window projects\directx\bin\x64\normalmap\waves.cso
f:\synologydrive\visual studio project\window projects\directx\bin\x64\normalmap\normalmap.exe
f:\synologydrive\visual studio project\window projects\directx\bin\x64\normalmap\normalmap.ilk
f:\synologydrive\visual studio project\window projects\directx\bin\x64\normalmap\normalmap.pdb
f:\synologydrive\visual studio project\window projects\directx\build\normalmap\x64\debug\normalmap.tlog\cl.command.1.tlog
f:\synologydrive\visual studio project\window projects\directx\build\normalmap\x64\debug\normalmap.tlog\cl.read.1.tlog
f:\synologydrive\visual studio project\window projects\directx\build\normalmap\x64\debug\normalmap.tlog\cl.write.1.tlog
f:\synologydrive\visual studio project\window projects\directx\build\normalmap\x64\debug\normalmap.tlog\fxc.command.1.tlog
f:\synologydrive\visual studio project\window projects\directx\build\normalmap\x64\debug\normalmap.tlog\fxc.read.1.tlog
f:\synologydrive\visual studio project\window projects\directx\build\normalmap\x64\debug\normalmap.tlog\fxc.write.1.tlog
f:\synologydrive\visual studio project\window projects\directx\build\normalmap\x64\debug\normalmap.tlog\link.command.1.tlog
f:\synologydrive\visual studio project\window projects\directx\build\normalmap\x64\debug\normalmap.tlog\link.read.1.tlog
f:\synologydrive\visual studio project\window projects\directx\build\normalmap\x64\debug\normalmap.tlog\link.write.1.tlog
