f:\synologydrive\visual studio project\window projects\directx\build\tesscellation\x64\debug\vc141.pdb
f:\synologydrive\visual studio project\window projects\directx\build\tesscellation\x64\debug\vc141.idb
f:\synologydrive\visual studio project\window projects\directx\build\tesscellation\x64\debug\tesscellationapp.obj
f:\synologydrive\visual studio project\window projects\directx\build\tesscellation\x64\debug\frameresource.obj
f:\synologydrive\visual studio project\window projects\directx\build\tesscellation\x64\debug\mathhelper.obj
f:\synologydrive\visual studio project\window projects\directx\build\tesscellation\x64\debug\geometrygenerator.obj
f:\synologydrive\visual studio project\window projects\directx\build\tesscellation\x64\debug\gametimer.obj
f:\synologydrive\visual studio project\window projects\directx\build\tesscellation\x64\debug\ddstextureloader.obj
f:\synologydrive\visual studio project\window projects\directx\build\tesscellation\x64\debug\d3dutil.obj
f:\synologydrive\visual studio project\window projects\directx\build\tesscellation\x64\debug\d3dapp.obj
f:\synologydrive\visual studio project\window projects\directx\bin\x64\tesscellation\tesscellation.exe
f:\synologydrive\visual studio project\window projects\directx\bin\x64\tesscellation\tesscellation.ilk
f:\synologydrive\visual studio project\window projects\directx\bin\x64\tesscellation\tesscellation.pdb
f:\synologydrive\visual studio project\window projects\directx\build\tesscellation\x64\debug\tesscellation.tlog\cl.command.1.tlog
f:\synologydrive\visual studio project\window projects\directx\build\tesscellation\x64\debug\tesscellation.tlog\cl.read.1.tlog
f:\synologydrive\visual studio project\window projects\directx\build\tesscellation\x64\debug\tesscellation.tlog\cl.write.1.tlog
f:\synologydrive\visual studio project\window projects\directx\build\tesscellation\x64\debug\tesscellation.tlog\fxc.command.1.tlog
f:\synologydrive\visual studio project\window projects\directx\build\tesscellation\x64\debug\tesscellation.tlog\fxc.read.1.tlog
f:\synologydrive\visual studio project\window projects\directx\build\tesscellation\x64\debug\tesscellation.tlog\link.command.1.tlog
f:\synologydrive\visual studio project\window projects\directx\build\tesscellation\x64\debug\tesscellation.tlog\link.read.1.tlog
f:\synologydrive\visual studio project\window projects\directx\build\tesscellation\x64\debug\tesscellation.tlog\link.write.1.tlog
