f:\synologydrive\visual studio project\window projects\directx\build\blur\x64\debug\vc141.pdb
f:\synologydrive\visual studio project\window projects\directx\build\blur\x64\debug\vc141.idb
f:\synologydrive\visual studio project\window projects\directx\build\blur\x64\debug\mathhelper.obj
f:\synologydrive\visual studio project\window projects\directx\build\blur\x64\debug\geometrygenerator.obj
f:\synologydrive\visual studio project\window projects\directx\build\blur\x64\debug\gametimer.obj
f:\synologydrive\visual studio project\window projects\directx\build\blur\x64\debug\ddstextureloader.obj
f:\synologydrive\visual studio project\window projects\directx\build\blur\x64\debug\d3dutil.obj
f:\synologydrive\visual studio project\window projects\directx\build\blur\x64\debug\d3dapp.obj
f:\synologydrive\visual studio project\window projects\directx\build\blur\x64\debug\frameresource.obj
f:\synologydrive\visual studio project\window projects\directx\build\blur\x64\debug\blurfilter.obj
f:\synologydrive\visual studio project\window projects\directx\build\blur\x64\debug\blurapp.obj
f:\synologydrive\visual studio project\window projects\directx\build\blur\x64\debug\gpuwaves.obj
f:\synologydrive\visual studio project\window projects\directx\build\blur\x64\debug\waves.obj
f:\synologydrive\visual studio project\window projects\directx\build\blur\x64\debug\sobelfilter.obj
f:\synologydrive\visual studio project\window projects\directx\build\blur\x64\debug\rendertarget.obj
f:\synologydrive\visual studio project\window projects\directx\bin\x64\blur\blur.ilk
f:\synologydrive\visual studio project\window projects\directx\bin\x64\blur\blur.exe
f:\synologydrive\visual studio project\window projects\directx\bin\x64\blur\blur.pdb
f:\synologydrive\visual studio project\window projects\directx\build\blur\x64\debug\blur.tlog\cl.command.1.tlog
f:\synologydrive\visual studio project\window projects\directx\build\blur\x64\debug\blur.tlog\cl.read.1.tlog
f:\synologydrive\visual studio project\window projects\directx\build\blur\x64\debug\blur.tlog\cl.write.1.tlog
f:\synologydrive\visual studio project\window projects\directx\build\blur\x64\debug\blur.tlog\fxc.command.1.tlog
f:\synologydrive\visual studio project\window projects\directx\build\blur\x64\debug\blur.tlog\fxc.read.1.tlog
f:\synologydrive\visual studio project\window projects\directx\build\blur\x64\debug\blur.tlog\fxc.write.1.tlog
f:\synologydrive\visual studio project\window projects\directx\build\blur\x64\debug\blur.tlog\link.command.1.tlog
f:\synologydrive\visual studio project\window projects\directx\build\blur\x64\debug\blur.tlog\link.read.1.tlog
f:\synologydrive\visual studio project\window projects\directx\build\blur\x64\debug\blur.tlog\link.write.1.tlog
