f:\synologydrive\visual studio project\window projects\directx\build\skinnedmesh\x64\debug\vc141.pdb
f:\synologydrive\visual studio project\window projects\directx\build\skinnedmesh\x64\debug\vc141.idb
f:\synologydrive\visual studio project\window projects\directx\build\skinnedmesh\x64\debug\ssao.obj
f:\synologydrive\visual studio project\window projects\directx\build\skinnedmesh\x64\debug\skinnedmeshapp.obj
f:\synologydrive\visual studio project\window projects\directx\build\skinnedmesh\x64\debug\skinneddata.obj
f:\synologydrive\visual studio project\window projects\directx\build\skinnedmesh\x64\debug\shadowmap.obj
f:\synologydrive\visual studio project\window projects\directx\build\skinnedmesh\x64\debug\loadm3d.obj
f:\synologydrive\visual studio project\window projects\directx\build\skinnedmesh\x64\debug\frameresource.obj
f:\synologydrive\visual studio project\window projects\directx\build\skinnedmesh\x64\debug\mathhelper.obj
f:\synologydrive\visual studio project\window projects\directx\build\skinnedmesh\x64\debug\geometrygenerator.obj
f:\synologydrive\visual studio project\window projects\directx\build\skinnedmesh\x64\debug\gametimer.obj
f:\synologydrive\visual studio project\window projects\directx\build\skinnedmesh\x64\debug\fbximporter.obj
f:\synologydrive\visual studio project\window projects\directx\build\skinnedmesh\x64\debug\ddstextureloader.obj
f:\synologydrive\visual studio project\window projects\directx\build\skinnedmesh\x64\debug\d3dutil.obj
f:\synologydrive\visual studio project\window projects\directx\build\skinnedmesh\x64\debug\d3dapp.obj
f:\synologydrive\visual studio project\window projects\directx\build\skinnedmesh\x64\debug\camera.obj
f:\synologydrive\visual studio project\window projects\directx\bin\x64\skinnedmesh\skinnedmesh.exe
f:\synologydrive\visual studio project\window projects\directx\bin\x64\skinnedmesh\skinnedmesh.ilk
f:\synologydrive\visual studio project\window projects\directx\bin\x64\skinnedmesh\skinnedmesh.pdb
f:\synologydrive\visual studio project\window projects\directx\build\skinnedmesh\x64\debug\skinnedmesh.tlog\cl.command.1.tlog
f:\synologydrive\visual studio project\window projects\directx\build\skinnedmesh\x64\debug\skinnedmesh.tlog\cl.read.1.tlog
f:\synologydrive\visual studio project\window projects\directx\build\skinnedmesh\x64\debug\skinnedmesh.tlog\cl.write.1.tlog
f:\synologydrive\visual studio project\window projects\directx\build\skinnedmesh\x64\debug\skinnedmesh.tlog\link.command.1.tlog
f:\synologydrive\visual studio project\window projects\directx\build\skinnedmesh\x64\debug\skinnedmesh.tlog\link.read.1.tlog
f:\synologydrive\visual studio project\window projects\directx\build\skinnedmesh\x64\debug\skinnedmesh.tlog\link.write.1.tlog
