f:\synologydrive\visual studio project\window projects\directx\build\dx12game\x64\release\vc141.pdb
f:\synologydrive\visual studio project\window projects\directx\build\dx12game\x64\release\lowrenderer.obj
f:\synologydrive\visual studio project\window projects\directx\build\dx12game\x64\release\inputsystem.obj
f:\synologydrive\visual studio project\window projects\directx\build\dx12game\x64\release\gameworld.obj
f:\synologydrive\visual studio project\window projects\directx\build\dx12game\x64\release\frameresource.obj
f:\synologydrive\visual studio project\window projects\directx\build\dx12game\x64\release\fpsactor.obj
f:\synologydrive\visual studio project\window projects\directx\build\dx12game\x64\release\component.obj
f:\synologydrive\visual studio project\window projects\directx\build\dx12game\x64\release\cameracomponent.obj
f:\synologydrive\visual studio project\window projects\directx\build\dx12game\x64\release\gamecamera.obj
f:\synologydrive\visual studio project\window projects\directx\build\dx12game\x64\release\audiosystem.obj
f:\synologydrive\visual studio project\window projects\directx\build\dx12game\x64\release\actor.obj
f:\synologydrive\visual studio project\window projects\directx\build\dx12game\x64\release\mathhelper.obj
f:\synologydrive\visual studio project\window projects\directx\build\dx12game\x64\release\geometrygenerator.obj
f:\synologydrive\visual studio project\window projects\directx\build\dx12game\x64\release\gametimer.obj
f:\synologydrive\visual studio project\window projects\directx\build\dx12game\x64\release\ddstextureloader.obj
f:\synologydrive\visual studio project\window projects\directx\build\dx12game\x64\release\d3dutil.obj
f:\synologydrive\visual studio project\window projects\directx\build\dx12game\x64\release\camera.obj
f:\synologydrive\visual studio project\window projects\directx\build\dx12game\x64\release\threadutil.obj
f:\synologydrive\visual studio project\window projects\directx\build\dx12game\x64\release\skinneddata.obj
f:\synologydrive\visual studio project\window projects\directx\build\dx12game\x64\release\skeletalmeshcomponent.obj
f:\synologydrive\visual studio project\window projects\directx\build\dx12game\x64\release\fbximporter.obj
f:\synologydrive\visual studio project\window projects\directx\build\dx12game\x64\release\ssao.obj
f:\synologydrive\visual studio project\window projects\directx\build\dx12game\x64\release\soundevent.obj
f:\synologydrive\visual studio project\window projects\directx\build\dx12game\x64\release\shadowmap.obj
f:\synologydrive\visual studio project\window projects\directx\build\dx12game\x64\release\renderer.obj
f:\synologydrive\visual studio project\window projects\directx\build\dx12game\x64\release\meshcomponent.obj
f:\synologydrive\visual studio project\window projects\directx\build\dx12game\x64\release\mesh.obj
f:\synologydrive\visual studio project\window projects\directx\build\dx12game\x64\release\tpsactor.obj
f:\synologydrive\visual studio project\window projects\directx\build\dx12game\x64\release\stringutil.obj
f:\synologydrive\visual studio project\window projects\directx\bin\x64\dx12game\release\dx12game.ipdb
f:\synologydrive\visual studio project\window projects\directx\bin\x64\dx12game\release\dx12game.iobj
f:\synologydrive\visual studio project\window projects\directx\bin\x64\dx12game\release\dx12game.exe
f:\synologydrive\visual studio project\window projects\directx\bin\x64\dx12game\release\dx12game.pdb
f:\synologydrive\visual studio project\window projects\directx\build\dx12game\x64\release\dx12game.tlog\cl.command.1.tlog
f:\synologydrive\visual studio project\window projects\directx\build\dx12game\x64\release\dx12game.tlog\cl.read.1.tlog
f:\synologydrive\visual studio project\window projects\directx\build\dx12game\x64\release\dx12game.tlog\cl.write.1.tlog
f:\synologydrive\visual studio project\window projects\directx\build\dx12game\x64\release\dx12game.tlog\dx12game.write.1u.tlog
f:\synologydrive\visual studio project\window projects\directx\build\dx12game\x64\release\dx12game.tlog\fxc.command.1.tlog
f:\synologydrive\visual studio project\window projects\directx\build\dx12game\x64\release\dx12game.tlog\fxc.read.1.tlog
f:\synologydrive\visual studio project\window projects\directx\build\dx12game\x64\release\dx12game.tlog\fxc.write.1.tlog
f:\synologydrive\visual studio project\window projects\directx\build\dx12game\x64\release\dx12game.tlog\link.command.1.tlog
f:\synologydrive\visual studio project\window projects\directx\build\dx12game\x64\release\dx12game.tlog\link.read.1.tlog
f:\synologydrive\visual studio project\window projects\directx\build\dx12game\x64\release\dx12game.tlog\link.write.1.tlog
