  Actor.cpp
  AnimationsMap.cpp
  AudioSystem.cpp
  Camera.cpp
  CameraComponent.cpp
  Component.cpp
  D3D12Util.cpp
  DxLowRenderer.cpp
  DxRenderer.cpp
  FbxImporter.cpp
  FpsActor.cpp
  FrameResource.cpp
  GBuffer.cpp
  GameCamera.cpp
  GameWorld.cpp
  InputSystem.cpp
  LowRenderer.cpp
  Mesh.cpp
  MeshComponent.cpp
  Renderer.cpp
  Compiling...
  ShadowMap.cpp
  SkeletalMeshComponent.cpp
  SkinnedData.cpp
  SoundEvent.cpp
  Ssao.cpp
  TpsActor.cpp
  VkLowRenderer.cpp
  VkRenderer.cpp
  Generating code
  174 of 13626 functions ( 1.3%) were compiled, the rest were copied from previous compilation.
    5 functions were new in current compilation
    83 functions had inline decision re-evaluated but remain unchanged
  Finished generating code
  DX12Game.vcxproj -> F:\Visual Studio Projects\Window Projects\DirectX\bin\x64\DX12Game\Release\DX12Game.exe
  F:\Visual Studio Projects\Window Projects\DirectX\lib\dll\fmod.dll
  F:\Visual Studio Projects\Window Projects\DirectX\lib\dll\fmodL.dll
  F:\Visual Studio Projects\Window Projects\DirectX\lib\dll\fmodstudio.dll
  F:\Visual Studio Projects\Window Projects\DirectX\lib\dll\fmodstudioL.dll
  F:\Visual Studio Projects\Window Projects\DirectX\lib\dll\libfbxsdk.dll
  5 File(s) copied
