f:\synologydrive\visual studio project\window projects\directx\build\blenddemo\x64\debug\vc141.pdb
f:\synologydrive\visual studio project\window projects\directx\build\blenddemo\x64\debug\vc141.idb
f:\synologydrive\visual studio project\window projects\directx\build\blenddemo\x64\debug\waves.obj
f:\synologydrive\visual studio project\window projects\directx\build\blenddemo\x64\debug\frameresource.obj
f:\synologydrive\visual studio project\window projects\directx\build\blenddemo\x64\debug\blendapp.obj
f:\synologydrive\visual studio project\window projects\directx\build\blenddemo\x64\debug\mathhelper.obj
f:\synologydrive\visual studio project\window projects\directx\build\blenddemo\x64\debug\geometrygenerator.obj
f:\synologydrive\visual studio project\window projects\directx\build\blenddemo\x64\debug\gametimer.obj
f:\synologydrive\visual studio project\window projects\directx\build\blenddemo\x64\debug\ddstextureloader.obj
f:\synologydrive\visual studio project\window projects\directx\build\blenddemo\x64\debug\d3dutil.obj
f:\synologydrive\visual studio project\window projects\directx\build\blenddemo\x64\debug\d3dapp.obj
f:\synologydrive\visual studio project\window projects\directx\bin\x64\blenddemo\blenddemo.exe
f:\synologydrive\visual studio project\window projects\directx\bin\x64\blenddemo\blenddemo.ilk
f:\synologydrive\visual studio project\window projects\directx\bin\x64\blenddemo\blenddemo.pdb
f:\synologydrive\visual studio project\window projects\directx\build\blenddemo\x64\debug\blenddemo.tlog\cl.command.1.tlog
f:\synologydrive\visual studio project\window projects\directx\build\blenddemo\x64\debug\blenddemo.tlog\cl.read.1.tlog
f:\synologydrive\visual studio project\window projects\directx\build\blenddemo\x64\debug\blenddemo.tlog\cl.write.1.tlog
f:\synologydrive\visual studio project\window projects\directx\build\blenddemo\x64\debug\blenddemo.tlog\link.command.1.tlog
f:\synologydrive\visual studio project\window projects\directx\build\blenddemo\x64\debug\blenddemo.tlog\link.read.1.tlog
f:\synologydrive\visual studio project\window projects\directx\build\blenddemo\x64\debug\blenddemo.tlog\link.write.1.tlog
