f:\synologydrive\visual studio project\window projects\directx\build\picking\x64\debug\vc141.pdb
f:\synologydrive\visual studio project\window projects\directx\build\picking\x64\debug\vc141.idb
f:\synologydrive\visual studio project\window projects\directx\build\picking\x64\debug\frameresource.obj
f:\synologydrive\visual studio project\window projects\directx\build\picking\x64\debug\mathhelper.obj
f:\synologydrive\visual studio project\window projects\directx\build\picking\x64\debug\geometrygenerator.obj
f:\synologydrive\visual studio project\window projects\directx\build\picking\x64\debug\gametimer.obj
f:\synologydrive\visual studio project\window projects\directx\build\picking\x64\debug\ddstextureloader.obj
f:\synologydrive\visual studio project\window projects\directx\build\picking\x64\debug\d3dutil.obj
f:\synologydrive\visual studio project\window projects\directx\build\picking\x64\debug\d3dapp.obj
f:\synologydrive\visual studio project\window projects\directx\build\picking\x64\debug\camera.obj
f:\synologydrive\visual studio project\window projects\directx\build\picking\x64\debug\pickingapp.obj
f:\synologydrive\visual studio project\window projects\directx\bin\x64\picking\picking.exe
f:\synologydrive\visual studio project\window projects\directx\bin\x64\picking\picking.ilk
f:\synologydrive\visual studio project\window projects\directx\bin\x64\picking\picking.pdb
f:\synologydrive\visual studio project\window projects\directx\build\picking\x64\debug\picking.tlog\cl.command.1.tlog
f:\synologydrive\visual studio project\window projects\directx\build\picking\x64\debug\picking.tlog\cl.read.1.tlog
f:\synologydrive\visual studio project\window projects\directx\build\picking\x64\debug\picking.tlog\cl.write.1.tlog
f:\synologydrive\visual studio project\window projects\directx\build\picking\x64\debug\picking.tlog\link.command.1.tlog
f:\synologydrive\visual studio project\window projects\directx\build\picking\x64\debug\picking.tlog\link.read.1.tlog
f:\synologydrive\visual studio project\window projects\directx\build\picking\x64\debug\picking.tlog\link.write.1.tlog
