f:\synologydrive\visual studio project\window projects\directx\build\drawshapes\x64\debug\vc141.pdb
f:\synologydrive\visual studio project\window projects\directx\build\drawshapes\x64\debug\vc141.idb
f:\synologydrive\visual studio project\window projects\directx\build\drawshapes\x64\debug\mathhelper.obj
f:\synologydrive\visual studio project\window projects\directx\build\drawshapes\x64\debug\gametimer.obj
f:\synologydrive\visual studio project\window projects\directx\build\drawshapes\x64\debug\d3dutil.obj
f:\synologydrive\visual studio project\window projects\directx\build\drawshapes\x64\debug\d3dapp.obj
f:\synologydrive\visual studio project\window projects\directx\build\drawshapes\x64\debug\shapesapp.obj
f:\synologydrive\visual studio project\window projects\directx\build\drawshapes\x64\debug\frameresource.obj
f:\synologydrive\visual studio project\window projects\directx\build\drawshapes\x64\debug\geometrygenerator.obj
f:\synologydrive\visual studio project\window projects\directx\bin\x64\drawshapes\const_color_ps.cso
f:\synologydrive\visual studio project\window projects\directx\bin\x64\drawshapes\const_color_vs.cso
f:\synologydrive\visual studio project\window projects\directx\bin\x64\drawshapes\drawshapes.exe
f:\synologydrive\visual studio project\window projects\directx\bin\x64\drawshapes\drawshapes.ilk
f:\synologydrive\visual studio project\window projects\directx\bin\x64\drawshapes\drawshapes.pdb
f:\synologydrive\visual studio project\window projects\directx\build\drawshapes\x64\debug\drawshapes.tlog\cl.command.1.tlog
f:\synologydrive\visual studio project\window projects\directx\build\drawshapes\x64\debug\drawshapes.tlog\cl.read.1.tlog
f:\synologydrive\visual studio project\window projects\directx\build\drawshapes\x64\debug\drawshapes.tlog\cl.write.1.tlog
f:\synologydrive\visual studio project\window projects\directx\build\drawshapes\x64\debug\drawshapes.tlog\fxc.command.1.tlog
f:\synologydrive\visual studio project\window projects\directx\build\drawshapes\x64\debug\drawshapes.tlog\fxc.read.1.tlog
f:\synologydrive\visual studio project\window projects\directx\build\drawshapes\x64\debug\drawshapes.tlog\fxc.write.1.tlog
f:\synologydrive\visual studio project\window projects\directx\build\drawshapes\x64\debug\drawshapes.tlog\link.command.1.tlog
f:\synologydrive\visual studio project\window projects\directx\build\drawshapes\x64\debug\drawshapes.tlog\link.read.1.tlog
f:\synologydrive\visual studio project\window projects\directx\build\drawshapes\x64\debug\drawshapes.tlog\link.write.1.tlog
