f:\synologydrive\visual studio project\window projects\directx\build\ssao\x64\debug\vc141.pdb
f:\synologydrive\visual studio project\window projects\directx\build\ssao\x64\debug\vc141.idb
f:\synologydrive\visual studio project\window projects\directx\build\ssao\x64\debug\ssaoapp.obj
f:\synologydrive\visual studio project\window projects\directx\build\ssao\x64\debug\ssao.obj
f:\synologydrive\visual studio project\window projects\directx\build\ssao\x64\debug\shadowmap.obj
f:\synologydrive\visual studio project\window projects\directx\build\ssao\x64\debug\frameresource.obj
f:\synologydrive\visual studio project\window projects\directx\build\ssao\x64\debug\mathhelper.obj
f:\synologydrive\visual studio project\window projects\directx\build\ssao\x64\debug\geometrygenerator.obj
f:\synologydrive\visual studio project\window projects\directx\build\ssao\x64\debug\gametimer.obj
f:\synologydrive\visual studio project\window projects\directx\build\ssao\x64\debug\ddstextureloader.obj
f:\synologydrive\visual studio project\window projects\directx\build\ssao\x64\debug\d3dutil.obj
f:\synologydrive\visual studio project\window projects\directx\build\ssao\x64\debug\d3dapp.obj
f:\synologydrive\visual studio project\window projects\directx\build\ssao\x64\debug\camera.obj
f:\synologydrive\visual studio project\window projects\directx\bin\x64\ssao\ssao.exe
f:\synologydrive\visual studio project\window projects\directx\bin\x64\ssao\ssao.ilk
f:\synologydrive\visual studio project\window projects\directx\bin\x64\ssao\ssao.pdb
f:\synologydrive\visual studio project\window projects\directx\build\ssao\x64\debug\ssao.tlog\cl.command.1.tlog
f:\synologydrive\visual studio project\window projects\directx\build\ssao\x64\debug\ssao.tlog\cl.read.1.tlog
f:\synologydrive\visual studio project\window projects\directx\build\ssao\x64\debug\ssao.tlog\cl.write.1.tlog
f:\synologydrive\visual studio project\window projects\directx\build\ssao\x64\debug\ssao.tlog\link.command.1.tlog
f:\synologydrive\visual studio project\window projects\directx\build\ssao\x64\debug\ssao.tlog\link.read.1.tlog
f:\synologydrive\visual studio project\window projects\directx\build\ssao\x64\debug\ssao.tlog\link.write.1.tlog
